CRITICAL - 2022-07-10 07:36:39 --> Call to undefined method CodeIgniter\View\View::extends()
in APPPATH\Views\admin\index.php on line 1.
 1 SYSTEMPATH\View\View.php(213): include()
 2 SYSTEMPATH\View\View.php(216): CodeIgniter\View\View->CodeIgniter\View\{closure}()
 3 SYSTEMPATH\Common.php(1135): CodeIgniter\View\View->render('admin/index', [], true)
 4 APPPATH\Controllers\Admin.php(13): view('admin/index')
 5 SYSTEMPATH\CodeIgniter.php(896): App\Controllers\Admin->index()
 6 SYSTEMPATH\CodeIgniter.php(466): CodeIgniter\CodeIgniter->runController(Object(App\Controllers\Admin))
 7 SYSTEMPATH\CodeIgniter.php(349): CodeIgniter\CodeIgniter->handleRequest(null, Object(Config\Cache), false)
 8 FCPATH\index.php(55): CodeIgniter\CodeIgniter->run()
 9 SYSTEMPATH\Commands\Server\rewrite.php(43): require_once('FCPATH\\index.php')
CRITICAL - 2022-07-10 07:36:55 --> Invalid file: loader.php
in SYSTEMPATH\Exceptions\FrameworkException.php on line 33.
 1 SYSTEMPATH\View\View.php(201): CodeIgniter\Exceptions\FrameworkException::forInvalidFile('loader.php')
 2 SYSTEMPATH\View\View.php(429): CodeIgniter\View\View->render('loader', null, true)
 3 APPPATH\Views\layout\template.php(29): CodeIgniter\View\View->include('loader')
 4 SYSTEMPATH\View\View.php(213): include('APPPATH\\Views\\layout\\template.php')
 5 SYSTEMPATH\View\View.php(216): CodeIgniter\View\View->CodeIgniter\View\{closure}()
 6 SYSTEMPATH\View\View.php(229): CodeIgniter\View\View->render('layout/template', [], true)
 7 SYSTEMPATH\Common.php(1135): CodeIgniter\View\View->render('admin/index', [], true)
 8 APPPATH\Controllers\Admin.php(13): view('admin/index')
 9 SYSTEMPATH\CodeIgniter.php(896): App\Controllers\Admin->index()
10 SYSTEMPATH\CodeIgniter.php(466): CodeIgniter\CodeIgniter->runController(Object(App\Controllers\Admin))
11 SYSTEMPATH\CodeIgniter.php(349): CodeIgniter\CodeIgniter->handleRequest(null, Object(Config\Cache), false)
12 FCPATH\index.php(55): CodeIgniter\CodeIgniter->run()
13 SYSTEMPATH\Commands\Server\rewrite.php(43): require_once('FCPATH\\index.php')
CRITICAL - 2022-07-10 07:54:01 --> Undefined variable: title
in APPPATH\Views\layout\template.php on line 12.
 1 APPPATH\Views\layout\template.php(12): CodeIgniter\Debug\Exceptions->errorHandler(8, 'Undefined variable: title', 'APPPATH\\Views\\layout\\template.php', 12, [])
 2 SYSTEMPATH\View\View.php(213): include('APPPATH\\Views\\layout\\template.php')
 3 SYSTEMPATH\View\View.php(216): CodeIgniter\View\View->CodeIgniter\View\{closure}()
 4 SYSTEMPATH\View\View.php(229): CodeIgniter\View\View->render('layout/template', [], true)
 5 SYSTEMPATH\Common.php(1135): CodeIgniter\View\View->render('admin/index', [], true)
 6 APPPATH\Controllers\Admin.php(16): view('admin/index')
 7 SYSTEMPATH\CodeIgniter.php(896): App\Controllers\Admin->index()
 8 SYSTEMPATH\CodeIgniter.php(466): CodeIgniter\CodeIgniter->runController(Object(App\Controllers\Admin))
 9 SYSTEMPATH\CodeIgniter.php(349): CodeIgniter\CodeIgniter->handleRequest(null, Object(Config\Cache), false)
10 FCPATH\index.php(55): CodeIgniter\CodeIgniter->run()
11 SYSTEMPATH\Commands\Server\rewrite.php(43): require_once('FCPATH\\index.php')
CRITICAL - 2022-07-10 07:55:40 --> Undefined variable: title
in APPPATH\Views\layout\template.php on line 12.
 1 APPPATH\Views\layout\template.php(12): CodeIgniter\Debug\Exceptions->errorHandler(8, 'Undefined variable: title', 'APPPATH\\Views\\layout\\template.php', 12, [])
 2 SYSTEMPATH\View\View.php(213): include('APPPATH\\Views\\layout\\template.php')
 3 SYSTEMPATH\View\View.php(216): CodeIgniter\View\View->CodeIgniter\View\{closure}()
 4 SYSTEMPATH\View\View.php(229): CodeIgniter\View\View->render('layout/template', [], true)
 5 SYSTEMPATH\Common.php(1135): CodeIgniter\View\View->render('auth/login', [], true)
 6 APPPATH\Controllers\Admin.php(12): view('auth/login')
 7 SYSTEMPATH\CodeIgniter.php(896): App\Controllers\Admin->login()
 8 SYSTEMPATH\CodeIgniter.php(466): CodeIgniter\CodeIgniter->runController(Object(App\Controllers\Admin))
 9 SYSTEMPATH\CodeIgniter.php(349): CodeIgniter\CodeIgniter->handleRequest(null, Object(Config\Cache), false)
10 FCPATH\index.php(55): CodeIgniter\CodeIgniter->run()
11 SYSTEMPATH\Commands\Server\rewrite.php(43): require_once('FCPATH\\index.php')
